[INFO ] 2023-11-14 16:37:58.941 [main] TaxiCompanyCreator - TaxiCompanyCreator class initialized.
[INFO ] 2023-11-14 16:37:58.948 [main] TaxiCompanyMain - Main application has just been started!
[INFO ] 2023-11-14 16:37:58.958 [main] TaxiCompanyMain - Size of driverVehicleMap: 2
[INFO ] 2023-11-14 16:37:58.958 [main] TaxiCompanyMain - ****************** ITERATE MAP - ITERATOR ******************
[INFO ] 2023-11-14 16:37:58.958 [main] TaxiCompanyMain - Key = Driver [name=Andrzej, lastName=Kowalski] Value = TaxiVehicle [make = Volkswagen, model = Polo]
[INFO ] 2023-11-14 16:37:58.959 [main] TaxiCompanyMain - Key = Driver [name=Pawel, lastName=Andrzejuk] Value = TaxiVehicle [make = Audi, model = A7]
[INFO ] 2023-11-14 16:37:58.959 [main] TaxiCompanyMain - ****************** ITERATE MAP - FOREACH ******************
[INFO ] 2023-11-14 16:37:58.959 [main] TaxiCompanyMain - Key: Driver [name=Andrzej, lastName=Kowalski], Value: TaxiVehicle [make = Volkswagen, model = Polo]
[INFO ] 2023-11-14 16:37:58.959 [main] TaxiCompanyMain - Key: Driver [name=Pawel, lastName=Andrzejuk], Value: TaxiVehicle [make = Audi, model = A7]
[INFO ] 2023-11-14 16:37:58.959 [main] TaxiCompanyMain - Size of accountants Set: 4
[INFO ] 2023-11-14 16:37:58.959 [main] TaxiCompanyMain - ****************** ITERATE SET - ITERATOR ******************
[INFO ] 2023-11-14 16:37:58.960 [main] TaxiCompanyMain - Accountant [name=Hubert, lastName=Kowalski]
[INFO ] 2023-11-14 16:37:58.960 [main] TaxiCompanyMain - Accountant [name=Elias, lastName=Bismark]
[INFO ] 2023-11-14 16:37:58.960 [main] TaxiCompanyMain - Accountant [name=Robert, lastName=Roberto]
[INFO ] 2023-11-14 16:37:58.960 [main] TaxiCompanyMain - Accountant [name=Katharine, lastName=Note]
[INFO ] 2023-11-14 16:37:58.960 [main] TaxiCompanyMain - ****************** ITERATE SET - FOREACH ******************
[INFO ] 2023-11-14 16:37:58.961 [main] TaxiCompanyMain - Accountant [name=Hubert, lastName=Kowalski]
[INFO ] 2023-11-14 16:37:58.961 [main] TaxiCompanyMain - Accountant [name=Elias, lastName=Bismark]
[INFO ] 2023-11-14 16:37:58.961 [main] TaxiCompanyMain - Accountant [name=Robert, lastName=Roberto]
[INFO ] 2023-11-14 16:37:58.961 [main] TaxiCompanyMain - Accountant [name=Katharine, lastName=Note]
[INFO ] 2023-11-14 16:37:58.962 [main] TaxiCompanyMain - Customer [firstName=Andrzej, lastName=Kowalski]
[INFO ] 2023-11-14 16:37:58.962 [main] Driver - Bartolomeo: I am en route to Blue St!. I started my journey from Yellow St.
[INFO ] 2023-11-14 16:37:58.963 [main] Customer - Customer Andrzej has just spent 25.0 USD!
[INFO ] 2023-11-14 16:37:58.965 [main] TaxiCompanyMain - Customer: Andrzej spent money value: 35.0

[INFO ] 2023-11-14 16:37:58.965 [main] Driver - Bartolomeo: I am en route to Start!. I started my journey from End.
[INFO ] 2023-11-14 16:37:58.967 [main] TaxiCompanyMain - Taxi Company Menu:
[INFO ] 2023-11-14 16:37:58.967 [main] TaxiCompanyMain - 1. Assign Vehicle to Company
[INFO ] 2023-11-14 16:37:58.968 [main] TaxiCompanyMain - 2. Create a Transport Order
[INFO ] 2023-11-14 16:37:58.968 [main] TaxiCompanyMain - 3. Exit
[INFO ] 2023-11-14 16:37:58.968 [main] TaxiCompanyMain - Enter your choice: 
